2023-07-22 23:26:39 INFO  main cn.soboys.springbootjpa.JpaQueryDSLTest Starting JpaTest using Java 1.8.0_362 on xiangyongdembp with PID 1888 (started by xiangyong in /Users/xiangyong/selfProject/springboot-cli-template/springboot-jpa)
2023-07-22 23:26:39 INFO  main cn.soboys.springbootjpa.JpaQueryDSLTest No active profile set, falling back to 1 default profile: "default"
2023-07-22 23:26:39 INFO  background-preinit org.hibernate.validator.internal.util.Version HV000001: Hibernate Validator 6.2.5.Final
2023-07-22 23:26:42 INFO  main org.springframework.data.repository.config.RepositoryConfigurationDelegate Multiple Spring Data modules found, entering strict repository configuration mode
2023-07-22 23:26:42 INFO  main org.springframework.data.repository.config.RepositoryConfigurationDelegate Bootstrapping Spring Data JPA repositories in DEFAULT mode.
2023-07-22 23:26:42 INFO  main org.springframework.data.repository.config.RepositoryConfigurationDelegate Finished Spring Data repository scanning in 480 ms. Found 1 JPA repository interfaces.
2023-07-22 23:26:42 INFO  main org.springframework.data.repository.config.RepositoryConfigurationDelegate Multiple Spring Data modules found, entering strict repository configuration mode
2023-07-22 23:26:42 INFO  main org.springframework.data.repository.config.RepositoryConfigurationDelegate Bootstrapping Spring Data Redis repositories in DEFAULT mode.
2023-07-22 23:26:42 INFO  main org.springframework.data.repository.config.RepositoryConfigurationExtensionSupport Spring Data Redis - Could not safely identify store assignment for repository candidate interface cn.soboys.springbootjpa.repository.CategoryRepository; If you want this repository to be a Redis repository, consider annotating your entities with one of these annotations: org.springframework.data.redis.core.RedisHash (preferred), or consider extending one of the following types with your repository: org.springframework.data.keyvalue.repository.KeyValueRepository
2023-07-22 23:26:42 INFO  main org.springframework.data.repository.config.RepositoryConfigurationDelegate Finished Spring Data repository scanning in 16 ms. Found 0 Redis repository interfaces.
2023-07-22 23:26:44 INFO  main org.hibernate.jpa.internal.util.LogHelper HHH000204: Processing PersistenceUnitInfo [name: default]
2023-07-22 23:26:44 INFO  main org.hibernate.Version HHH000412: Hibernate ORM core version 5.6.14.Final
2023-07-22 23:26:45 INFO  main org.hibernate.annotations.common.Version HCANN000001: Hibernate Commons Annotations {5.1.2.Final}
2023-07-22 23:26:45 INFO  main com.zaxxer.hikari.HikariDataSource HikariPool-1 - Starting...
2023-07-22 23:26:45 INFO  main com.zaxxer.hikari.HikariDataSource HikariPool-1 - Start completed.
2023-07-22 23:26:45 INFO  main org.hibernate.dialect.Dialect HHH000400: Using dialect: org.hibernate.dialect.MySQLDialect
2023-07-22 23:26:47 INFO  main org.hibernate.engine.transaction.jta.platform.internal.JtaPlatformInitiator HHH000490: Using JtaPlatform implementation: [org.hibernate.engine.transaction.jta.platform.internal.NoJtaPlatform]
2023-07-22 23:26:47 INFO  main org.springframework.orm.jpa.LocalContainerEntityManagerFactoryBean Initialized JPA EntityManagerFactory for persistence unit 'default'
2023-07-22 23:26:54 INFO  main cn.soboys.springbootjpa.JpaQueryDSLTest Started JpaTest in 16.377 seconds (JVM running for 19.498)
2023-07-22 23:27:09 INFO  main cn.soboys.springbootjpa.JpaQueryDSLTest [Category(id=9, title=batch1, subTitle=null, described=null, icon=null, pic=null, modules=[]), Category(id=10, title=batch, subTitle=null, described=null, icon=null, pic=null, modules=[])]
2023-07-22 23:27:10 INFO  SpringApplicationShutdownHook org.springframework.orm.jpa.LocalContainerEntityManagerFactoryBean Closing JPA EntityManagerFactory for persistence unit 'default'
2023-07-22 23:27:10 INFO  SpringApplicationShutdownHook com.zaxxer.hikari.HikariDataSource HikariPool-1 - Shutdown initiated...
2023-07-22 23:27:10 INFO  SpringApplicationShutdownHook com.zaxxer.hikari.HikariDataSource HikariPool-1 - Shutdown completed.
