2023-07-26 22:35:27 INFO  main cn.soboys.springbootjpa.JpaQueryDSLTest Starting JpaTest using Java 1.8.0_362 on xiangyongdembp with PID 63968 (started by xiangyong in /Users/xiangyong/selfProject/springboot-cli-template/springboot-mybatis-flex)
2023-07-26 22:35:27 INFO  main cn.soboys.springbootjpa.JpaQueryDSLTest No active profile set, falling back to 1 default profile: "default"
2023-07-26 22:35:27 INFO  background-preinit org.hibernate.validator.internal.util.Version HV000001: Hibernate Validator 6.2.5.Final
2023-07-26 22:35:28 INFO  main org.springframework.data.repository.config.RepositoryConfigurationDelegate Multiple Spring Data modules found, entering strict repository configuration mode
2023-07-26 22:35:28 INFO  main org.springframework.data.repository.config.RepositoryConfigurationDelegate Bootstrapping Spring Data Redis repositories in DEFAULT mode.
2023-07-26 22:35:28 INFO  main org.springframework.data.repository.config.RepositoryConfigurationDelegate Finished Spring Data repository scanning in 18 ms. Found 0 Redis repository interfaces.
2023-07-26 22:35:29 INFO  main org.springframework.context.support.PostProcessorRegistrationDelegate$BeanPostProcessorChecker Bean 'com.mybatisflex.spring.boot.FlexTransactionAutoConfiguration' of type [com.mybatisflex.spring.boot.FlexTransactionAutoConfiguration] is not eligible for getting processed by all BeanPostProcessors (for example: not eligible for auto-proxying)
2023-07-26 22:35:33 INFO  main cn.soboys.springbootjpa.JpaQueryDSLTest Started JpaTest in 6.716 seconds (JVM running for 9.05)
2023-07-26 22:35:33 INFO  main com.zaxxer.hikari.HikariDataSource HikariPool-1 - Starting...
2023-07-26 22:35:34 INFO  main com.zaxxer.hikari.HikariDataSource HikariPool-1 - Start completed.
2023-07-26 22:35:34 INFO  main cn.soboys.springbootjpa.JpaQueryDSLTest 内容0
2023-07-26 22:35:34 INFO  SpringApplicationShutdownHook com.zaxxer.hikari.HikariDataSource HikariPool-1 - Shutdown initiated...
2023-07-26 22:35:34 INFO  SpringApplicationShutdownHook com.zaxxer.hikari.HikariDataSource HikariPool-1 - Shutdown completed.
2023-07-26 22:39:47 INFO  main cn.soboys.springbootjpa.JpaQueryDSLTest Starting JpaTest using Java 1.8.0_362 on xiangyongdembp with PID 64783 (started by xiangyong in /Users/xiangyong/selfProject/springboot-cli-template/springboot-mybatis-flex)
2023-07-26 22:39:47 INFO  main cn.soboys.springbootjpa.JpaQueryDSLTest No active profile set, falling back to 1 default profile: "default"
2023-07-26 22:39:47 INFO  background-preinit org.hibernate.validator.internal.util.Version HV000001: Hibernate Validator 6.2.5.Final
2023-07-26 22:39:49 INFO  main org.springframework.data.repository.config.RepositoryConfigurationDelegate Multiple Spring Data modules found, entering strict repository configuration mode
2023-07-26 22:39:49 INFO  main org.springframework.data.repository.config.RepositoryConfigurationDelegate Bootstrapping Spring Data Redis repositories in DEFAULT mode.
2023-07-26 22:39:49 INFO  main org.springframework.data.repository.config.RepositoryConfigurationDelegate Finished Spring Data repository scanning in 104 ms. Found 0 Redis repository interfaces.
2023-07-26 22:39:50 INFO  main org.springframework.context.support.PostProcessorRegistrationDelegate$BeanPostProcessorChecker Bean 'com.mybatisflex.spring.boot.FlexTransactionAutoConfiguration' of type [com.mybatisflex.spring.boot.FlexTransactionAutoConfiguration] is not eligible for getting processed by all BeanPostProcessors (for example: not eligible for auto-proxying)
2023-07-26 22:39:53 INFO  main cn.soboys.springbootjpa.JpaQueryDSLTest Started JpaTest in 6.985 seconds (JVM running for 9.586)
2023-07-26 22:39:54 INFO  main com.zaxxer.hikari.HikariDataSource HikariPool-1 - Starting...
2023-07-26 22:39:54 INFO  main com.zaxxer.hikari.HikariDataSource HikariPool-1 - Start completed.
2023-07-26 22:39:55 INFO  SpringApplicationShutdownHook com.zaxxer.hikari.HikariDataSource HikariPool-1 - Shutdown initiated...
2023-07-26 22:39:55 INFO  SpringApplicationShutdownHook com.zaxxer.hikari.HikariDataSource HikariPool-1 - Shutdown completed.
2023-07-26 22:40:23 INFO  main cn.soboys.springbootjpa.JpaQueryDSLTest Starting JpaTest using Java 1.8.0_362 on xiangyongdembp with PID 64911 (started by xiangyong in /Users/xiangyong/selfProject/springboot-cli-template/springboot-mybatis-flex)
2023-07-26 22:40:23 INFO  main cn.soboys.springbootjpa.JpaQueryDSLTest No active profile set, falling back to 1 default profile: "default"
2023-07-26 22:40:23 INFO  background-preinit org.hibernate.validator.internal.util.Version HV000001: Hibernate Validator 6.2.5.Final
2023-07-26 22:40:25 INFO  main org.springframework.data.repository.config.RepositoryConfigurationDelegate Multiple Spring Data modules found, entering strict repository configuration mode
2023-07-26 22:40:25 INFO  main org.springframework.data.repository.config.RepositoryConfigurationDelegate Bootstrapping Spring Data Redis repositories in DEFAULT mode.
2023-07-26 22:40:25 INFO  main org.springframework.data.repository.config.RepositoryConfigurationDelegate Finished Spring Data repository scanning in 12 ms. Found 0 Redis repository interfaces.
2023-07-26 22:40:26 INFO  main org.springframework.context.support.PostProcessorRegistrationDelegate$BeanPostProcessorChecker Bean 'com.mybatisflex.spring.boot.FlexTransactionAutoConfiguration' of type [com.mybatisflex.spring.boot.FlexTransactionAutoConfiguration] is not eligible for getting processed by all BeanPostProcessors (for example: not eligible for auto-proxying)
2023-07-26 22:40:30 INFO  main cn.soboys.springbootjpa.JpaQueryDSLTest Started JpaTest in 7.061 seconds (JVM running for 8.654)
2023-07-26 22:40:31 INFO  main com.zaxxer.hikari.HikariDataSource HikariPool-1 - Starting...
2023-07-26 22:40:31 INFO  main com.zaxxer.hikari.HikariDataSource HikariPool-1 - Start completed.
2023-07-26 22:40:31 INFO  main cn.soboys.springbootjpa.JpaQueryDSLTest 内容0
2023-07-26 22:40:31 INFO  SpringApplicationShutdownHook com.zaxxer.hikari.HikariDataSource HikariPool-1 - Shutdown initiated...
2023-07-26 22:40:31 INFO  SpringApplicationShutdownHook com.zaxxer.hikari.HikariDataSource HikariPool-1 - Shutdown completed.
2023-07-26 22:46:00 INFO  main cn.soboys.springbootjpa.JpaQueryDSLTest Starting JpaTest using Java 1.8.0_362 on xiangyongdembp with PID 65982 (started by xiangyong in /Users/xiangyong/selfProject/springboot-cli-template/springboot-mybatis-flex)
2023-07-26 22:46:00 INFO  main cn.soboys.springbootjpa.JpaQueryDSLTest No active profile set, falling back to 1 default profile: "default"
2023-07-26 22:46:00 INFO  background-preinit org.hibernate.validator.internal.util.Version HV000001: Hibernate Validator 6.2.5.Final
2023-07-26 22:46:02 INFO  main org.springframework.data.repository.config.RepositoryConfigurationDelegate Multiple Spring Data modules found, entering strict repository configuration mode
2023-07-26 22:46:02 INFO  main org.springframework.data.repository.config.RepositoryConfigurationDelegate Bootstrapping Spring Data Redis repositories in DEFAULT mode.
2023-07-26 22:46:02 INFO  main org.springframework.data.repository.config.RepositoryConfigurationDelegate Finished Spring Data repository scanning in 14 ms. Found 0 Redis repository interfaces.
2023-07-26 22:46:03 INFO  main org.springframework.context.support.PostProcessorRegistrationDelegate$BeanPostProcessorChecker Bean 'com.mybatisflex.spring.boot.FlexTransactionAutoConfiguration' of type [com.mybatisflex.spring.boot.FlexTransactionAutoConfiguration] is not eligible for getting processed by all BeanPostProcessors (for example: not eligible for auto-proxying)
2023-07-26 22:46:07 INFO  main cn.soboys.springbootjpa.JpaQueryDSLTest Started JpaTest in 6.891 seconds (JVM running for 8.813)
2023-07-26 22:47:03 INFO  main cn.soboys.springbootjpa.JpaQueryDSLTest Starting JpaTest using Java 1.8.0_362 on xiangyongdembp with PID 66193 (started by xiangyong in /Users/xiangyong/selfProject/springboot-cli-template/springboot-mybatis-flex)
2023-07-26 22:47:03 INFO  main cn.soboys.springbootjpa.JpaQueryDSLTest No active profile set, falling back to 1 default profile: "default"
2023-07-26 22:47:03 INFO  background-preinit org.hibernate.validator.internal.util.Version HV000001: Hibernate Validator 6.2.5.Final
2023-07-26 22:47:05 INFO  main org.springframework.data.repository.config.RepositoryConfigurationDelegate Multiple Spring Data modules found, entering strict repository configuration mode
2023-07-26 22:47:05 INFO  main org.springframework.data.repository.config.RepositoryConfigurationDelegate Bootstrapping Spring Data Redis repositories in DEFAULT mode.
2023-07-26 22:47:05 INFO  main org.springframework.data.repository.config.RepositoryConfigurationDelegate Finished Spring Data repository scanning in 13 ms. Found 0 Redis repository interfaces.
2023-07-26 22:47:06 INFO  main org.springframework.context.support.PostProcessorRegistrationDelegate$BeanPostProcessorChecker Bean 'com.mybatisflex.spring.boot.FlexTransactionAutoConfiguration' of type [com.mybatisflex.spring.boot.FlexTransactionAutoConfiguration] is not eligible for getting processed by all BeanPostProcessors (for example: not eligible for auto-proxying)
2023-07-26 22:47:10 INFO  main cn.soboys.springbootjpa.JpaQueryDSLTest Started JpaTest in 7.05 seconds (JVM running for 8.77)
2023-07-26 22:47:10 INFO  main com.zaxxer.hikari.HikariDataSource HikariPool-1 - Starting...
2023-07-26 22:47:11 INFO  main com.zaxxer.hikari.HikariDataSource HikariPool-1 - Start completed.
2023-07-26 22:47:11 INFO  SpringApplicationShutdownHook com.zaxxer.hikari.HikariDataSource HikariPool-1 - Shutdown initiated...
2023-07-26 22:47:11 INFO  SpringApplicationShutdownHook com.zaxxer.hikari.HikariDataSource HikariPool-1 - Shutdown completed.
