2023-06-13 00:40:30 ERROR http-nio-8080-exec-1 cn.soboys.springbootrestfulapi.common.exception.GlobalExceptionHandler 系统未知错误java.lang.IllegalArgumentException: can't parse argument number: msg
	at java.text.MessageFormat.makeFormat(MessageFormat.java:1429)
	at java.text.MessageFormat.applyPattern(MessageFormat.java:479)
	at java.text.MessageFormat.<init>(MessageFormat.java:362)
	at java.text.MessageFormat.format(MessageFormat.java:840)
	at cn.soboys.springbootrestfulapi.common.exception.assertion.BusinessExceptionAssert.newException(BusinessExceptionAssert.java:21)
	at cn.soboys.springbootrestfulapi.common.exception.assertion.Assert.assertNotNull(Assert.java:103)
	at cn.soboys.springbootrestfulapi.controller.IndexController.exception(IndexController.java:64)
	at cn.soboys.springbootrestfulapi.controller.IndexController$$FastClassBySpringCGLIB$$f0f565b2.invoke(<generated>)
	at org.springframework.cglib.proxy.MethodProxy.invoke(MethodProxy.java:218)
	at org.springframework.aop.framework.CglibAopProxy$CglibMethodInvocation.invokeJoinpoint(CglibAopProxy.java:793)
	at org.springframework.aop.framework.ReflectiveMethodInvocation.proceed(ReflectiveMethodInvocation.java:163)
	at org.springframework.aop.framework.CglibAopProxy$CglibMethodInvocation.proceed(CglibAopProxy.java:763)
	at org.springframework.validation.beanvalidation.MethodValidationInterceptor.invoke(MethodValidationInterceptor.java:123)
	at org.springframework.aop.framework.ReflectiveMethodInvocation.proceed(ReflectiveMethodInvocation.java:186)
	at org.springframework.aop.framework.CglibAopProxy$CglibMethodInvocation.proceed(CglibAopProxy.java:763)
	at org.springframework.aop.framework.CglibAopProxy$DynamicAdvisedInterceptor.intercept(CglibAopProxy.java:708)
	at cn.soboys.springbootrestfulapi.controller.IndexController$$EnhancerBySpringCGLIB$$78f7abc0.exception(<generated>)
	at sun.reflect.NativeMethodAccessorImpl.invoke0(Native Method)
	at sun.reflect.NativeMethodAccessorImpl.invoke(NativeMethodAccessorImpl.java:62)
	at sun.reflect.DelegatingMethodAccessorImpl.invoke(DelegatingMethodAccessorImpl.java:43)
	at java.lang.reflect.Method.invoke(Method.java:498)
	at org.springframework.web.method.support.InvocableHandlerMethod.doInvoke(InvocableHandlerMethod.java:205)
	at org.springframework.web.method.support.InvocableHandlerMethod.invokeForRequest(InvocableHandlerMethod.java:150)
	at org.springframework.web.servlet.mvc.method.annotation.ServletInvocableHandlerMethod.invokeAndHandle(ServletInvocableHandlerMethod.java:117)
	at org.springframework.web.servlet.mvc.method.annotation.RequestMappingHandlerAdapter.invokeHandlerMethod(RequestMappingHandlerAdapter.java:895)
	at org.springframework.web.servlet.mvc.method.annotation.RequestMappingHandlerAdapter.handleInternal(RequestMappingHandlerAdapter.java:808)
	at org.springframework.web.servlet.mvc.method.AbstractHandlerMethodAdapter.handle(AbstractHandlerMethodAdapter.java:87)
	at org.springframework.web.servlet.DispatcherServlet.doDispatch(DispatcherServlet.java:1072)
	at org.springframework.web.servlet.DispatcherServlet.doService(DispatcherServlet.java:965)
	at org.spri
2023-06-13 00:40:54 ERROR http-nio-8080-exec-1 cn.soboys.springbootrestfulapi.common.exception.GlobalExceptionHandler 系统未知错误java.lang.IllegalArgumentException: can't parse argument number: 
	at java.text.MessageFormat.makeFormat(MessageFormat.java:1429)
	at java.text.MessageFormat.applyPattern(MessageFormat.java:479)
	at java.text.MessageFormat.<init>(MessageFormat.java:362)
	at java.text.MessageFormat.format(MessageFormat.java:840)
	at cn.soboys.springbootrestfulapi.common.exception.assertion.BusinessExceptionAssert.newException(BusinessExceptionAssert.java:21)
	at cn.soboys.springbootrestfulapi.common.exception.assertion.Assert.assertNotNull(Assert.java:103)
	at cn.soboys.springbootrestfulapi.controller.IndexController.exception(IndexController.java:64)
	at cn.soboys.springbootrestfulapi.controller.IndexController$$FastClassBySpringCGLIB$$f0f565b2.invoke(<generated>)
	at org.springframework.cglib.proxy.MethodProxy.invoke(MethodProxy.java:218)
	at org.springframework.aop.framework.CglibAopProxy$CglibMethodInvocation.invokeJoinpoint(CglibAopProxy.java:793)
	at org.springframework.aop.framework.ReflectiveMethodInvocation.proceed(ReflectiveMethodInvocation.java:163)
	at org.springframework.aop.framework.CglibAopProxy$CglibMethodInvocation.proceed(CglibAopProxy.java:763)
	at org.springframework.validation.beanvalidation.MethodValidationInterceptor.invoke(MethodValidationInterceptor.java:123)
	at org.springframework.aop.framework.ReflectiveMethodInvocation.proceed(ReflectiveMethodInvocation.java:186)
	at org.springframework.aop.framework.CglibAopProxy$CglibMethodInvocation.proceed(CglibAopProxy.java:763)
	at org.springframework.aop.framework.CglibAopProxy$DynamicAdvisedInterceptor.intercept(CglibAopProxy.java:708)
	at cn.soboys.springbootrestfulapi.controller.IndexController$$EnhancerBySpringCGLIB$$78f7abc0.exception(<generated>)
	at sun.reflect.NativeMethodAccessorImpl.invoke0(Native Method)
	at sun.reflect.NativeMethodAccessorImpl.invoke(NativeMethodAccessorImpl.java:62)
	at sun.reflect.DelegatingMethodAccessorImpl.invoke(DelegatingMethodAccessorImpl.java:43)
	at java.lang.reflect.Method.invoke(Method.java:498)
	at org.springframework.web.method.support.InvocableHandlerMethod.doInvoke(InvocableHandlerMethod.java:205)
	at org.springframework.web.method.support.InvocableHandlerMethod.invokeForRequest(InvocableHandlerMethod.java:150)
	at org.springframework.web.servlet.mvc.method.annotation.ServletInvocableHandlerMethod.invokeAndHandle(ServletInvocableHandlerMethod.java:117)
	at org.springframework.web.servlet.mvc.method.annotation.RequestMappingHandlerAdapter.invokeHandlerMethod(RequestMappingHandlerAdapter.java:895)
	at org.springframework.web.servlet.mvc.method.annotation.RequestMappingHandlerAdapter.handleInternal(RequestMappingHandlerAdapter.java:808)
	at org.springframework.web.servlet.mvc.method.AbstractHandlerMethodAdapter.handle(AbstractHandlerMethodAdapter.java:87)
	at org.springframework.web.servlet.DispatcherServlet.doDispatch(DispatcherServlet.java:1072)
	at org.springframework.web.servlet.DispatcherServlet.doService(DispatcherServlet.java:965)
	at org.springf
