2023-05-31 00:30:34 INFO  background-preinit org.hibernate.validator.internal.util.Version HV000001: Hibernate Validator 6.2.5.Final
2023-05-31 00:30:34 INFO  main cn.soboys.springbootrestfulapi.SpringbootRestfulapiApplication Starting SpringbootRestfulapiApplication using Java 1.8.0_362 on xiangyongdeMBP with PID 71413 (/Users/xiangyong/selfProject/springboot-cli-template/springboot-restfulapi/target/classes started by xiangyong in /Users/xiangyong/selfProject/springboot-cli-template)
2023-05-31 00:30:34 INFO  main cn.soboys.springbootrestfulapi.SpringbootRestfulapiApplication No active profile set, falling back to 1 default profile: "default"
2023-05-31 00:30:35 INFO  main org.springframework.boot.web.embedded.tomcat.TomcatWebServer Tomcat initialized with port(s): 8080 (http)
2023-05-31 00:30:35 INFO  main org.apache.coyote.http11.Http11NioProtocol Initializing ProtocolHandler ["http-nio-8080"]
2023-05-31 00:30:35 INFO  main org.apache.catalina.core.StandardService Starting service [Tomcat]
2023-05-31 00:30:35 INFO  main org.apache.catalina.core.StandardEngine Starting Servlet engine: [Apache Tomcat/9.0.75]
2023-05-31 00:30:35 INFO  main org.apache.catalina.core.ContainerBase.[Tomcat].[localhost].[/] Initializing Spring embedded WebApplicationContext
2023-05-31 00:30:35 INFO  main org.springframework.boot.web.servlet.context.ServletWebServerApplicationContext Root WebApplicationContext: initialization completed in 1231 ms
2023-05-31 00:30:35 INFO  main org.apache.coyote.http11.Http11NioProtocol Starting ProtocolHandler ["http-nio-8080"]
2023-05-31 00:30:35 INFO  main org.apache.coyote.http11.Http11NioProtocol Pausing ProtocolHandler ["http-nio-8080"]
2023-05-31 00:30:35 INFO  main org.apache.catalina.core.StandardService Stopping service [Tomcat]
2023-05-31 00:30:35 INFO  main org.apache.coyote.http11.Http11NioProtocol Stopping ProtocolHandler ["http-nio-8080"]
2023-05-31 00:30:35 INFO  main org.apache.coyote.http11.Http11NioProtocol Destroying ProtocolHandler ["http-nio-8080"]
2023-05-31 00:30:35 INFO  main org.springframework.boot.autoconfigure.logging.ConditionEvaluationReportLoggingListener 

Error starting ApplicationContext. To display the conditions report re-run your application with 'debug' enabled.
2023-05-31 00:30:49 INFO  background-preinit org.hibernate.validator.internal.util.Version HV000001: Hibernate Validator 6.2.5.Final
2023-05-31 00:30:49 INFO  main cn.soboys.springbootrestfulapi.SpringbootRestfulapiApplication Starting SpringbootRestfulapiApplication using Java 1.8.0_362 on xiangyongdeMBP with PID 71473 (/Users/xiangyong/selfProject/springboot-cli-template/springboot-restfulapi/target/classes started by xiangyong in /Users/xiangyong/selfProject/springboot-cli-template)
2023-05-31 00:30:49 INFO  main cn.soboys.springbootrestfulapi.SpringbootRestfulapiApplication No active profile set, falling back to 1 default profile: "default"
2023-05-31 00:30:50 INFO  main org.springframework.boot.web.embedded.tomcat.TomcatWebServer Tomcat initialized with port(s): 8080 (http)
2023-05-31 00:30:50 INFO  main org.apache.coyote.http11.Http11NioProtocol Initializing ProtocolHandler ["http-nio-8080"]
2023-05-31 00:30:50 INFO  main org.apache.catalina.core.StandardService Starting service [Tomcat]
2023-05-31 00:30:50 INFO  main org.apache.catalina.core.StandardEngine Starting Servlet engine: [Apache Tomcat/9.0.75]
2023-05-31 00:30:50 INFO  main org.apache.catalina.core.ContainerBase.[Tomcat].[localhost].[/] Initializing Spring embedded WebApplicationContext
2023-05-31 00:30:50 INFO  main org.springframework.boot.web.servlet.context.ServletWebServerApplicationContext Root WebApplicationContext: initialization completed in 1137 ms
2023-05-31 00:30:51 INFO  main org.apache.coyote.http11.Http11NioProtocol Starting ProtocolHandler ["http-nio-8080"]
2023-05-31 00:30:51 INFO  main org.springframework.boot.web.embedded.tomcat.TomcatWebServer Tomcat started on port(s): 8080 (http) with context path ''
2023-05-31 00:30:51 INFO  main cn.soboys.springbootrestfulapi.SpringbootRestfulapiApplication Started SpringbootRestfulapiApplication in 2.328 seconds (JVM running for 3.217)
