2023-06-13 00:09:12 INFO  background-preinit org.hibernate.validator.internal.util.Version HV000001: Hibernate Validator 6.2.5.Final
2023-06-13 00:09:12 INFO  main cn.soboys.springbootrestfulapi.SpringbootRestfulapiApplication Starting SpringbootRestfulapiApplication using Java 1.8.0_362 on xiangyongdeMBP with PID 33288 (/Users/xiangyong/selfProject/springboot-cli-template/springboot-restfulapi/target/classes started by xiangyong in /Users/xiangyong/selfProject/springboot-cli-template)
2023-06-13 00:09:12 INFO  main cn.soboys.springbootrestfulapi.SpringbootRestfulapiApplication No active profile set, falling back to 1 default profile: "default"
2023-06-13 00:09:13 INFO  main org.springframework.boot.web.embedded.tomcat.TomcatWebServer Tomcat initialized with port(s): 8080 (http)
2023-06-13 00:09:13 INFO  main org.apache.coyote.http11.Http11NioProtocol Initializing ProtocolHandler ["http-nio-8080"]
2023-06-13 00:09:13 INFO  main org.apache.catalina.core.StandardService Starting service [Tomcat]
2023-06-13 00:09:13 INFO  main org.apache.catalina.core.StandardEngine Starting Servlet engine: [Apache Tomcat/9.0.75]
2023-06-13 00:09:13 INFO  main org.apache.catalina.core.ContainerBase.[Tomcat].[localhost].[/] Initializing Spring embedded WebApplicationContext
2023-06-13 00:09:13 INFO  main org.springframework.boot.web.servlet.context.ServletWebServerApplicationContext Root WebApplicationContext: initialization completed in 991 ms
2023-06-13 00:09:14 INFO  main org.apache.coyote.http11.Http11NioProtocol Starting ProtocolHandler ["http-nio-8080"]
2023-06-13 00:09:14 INFO  main org.springframework.boot.web.embedded.tomcat.TomcatWebServer Tomcat started on port(s): 8080 (http) with context path ''
2023-06-13 00:09:14 INFO  main cn.soboys.springbootrestfulapi.SpringbootRestfulapiApplication Started SpringbootRestfulapiApplication in 2.016 seconds (JVM running for 2.731)
2023-06-13 00:09:23 INFO  http-nio-8080-exec-2 org.apache.catalina.core.ContainerBase.[Tomcat].[localhost].[/] Initializing Spring DispatcherServlet 'dispatcherServlet'
2023-06-13 00:09:23 INFO  http-nio-8080-exec-2 org.springframework.web.servlet.DispatcherServlet Initializing Servlet 'dispatcherServlet'
2023-06-13 00:09:23 INFO  http-nio-8080-exec-2 org.springframework.web.servlet.DispatcherServlet Completed initialization in 1 ms
2023-06-13 00:40:20 INFO  background-preinit org.hibernate.validator.internal.util.Version HV000001: Hibernate Validator 6.2.5.Final
2023-06-13 00:40:20 INFO  main cn.soboys.springbootrestfulapi.SpringbootRestfulapiApplication Starting SpringbootRestfulapiApplication using Java 1.8.0_362 on xiangyongdeMBP with PID 39155 (/Users/xiangyong/selfProject/springboot-cli-template/springboot-restfulapi/target/classes started by xiangyong in /Users/xiangyong/selfProject/springboot-cli-template)
2023-06-13 00:40:20 INFO  main cn.soboys.springbootrestfulapi.SpringbootRestfulapiApplication No active profile set, falling back to 1 default profile: "default"
2023-06-13 00:40:21 INFO  main org.springframework.boot.web.embedded.tomcat.TomcatWebServer Tomcat initialized with port(s): 8080 (http)
2023-06-13 00:40:21 INFO  main org.apache.coyote.http11.Http11NioProtocol Initializing ProtocolHandler ["http-nio-8080"]
2023-06-13 00:40:21 INFO  main org.apache.catalina.core.StandardService Starting service [Tomcat]
2023-06-13 00:40:21 INFO  main org.apache.catalina.core.StandardEngine Starting Servlet engine: [Apache Tomcat/9.0.75]
2023-06-13 00:40:21 INFO  main org.apache.catalina.core.ContainerBase.[Tomcat].[localhost].[/] Initializing Spring embedded WebApplicationContext
2023-06-13 00:40:21 INFO  main org.springframework.boot.web.servlet.context.ServletWebServerApplicationContext Root WebApplicationContext: initialization completed in 1053 ms
2023-06-13 00:40:21 INFO  main org.apache.coyote.http11.Http11NioProtocol Starting ProtocolHandler ["http-nio-8080"]
2023-06-13 00:40:21 INFO  main org.springframework.boot.web.embedded.tomcat.TomcatWebServer Tomcat started on port(s): 8080 (http) with context path ''
2023-06-13 00:40:21 INFO  main cn.soboys.springbootrestfulapi.SpringbootRestfulapiApplication Started SpringbootRestfulapiApplication in 2.11 seconds (JVM running for 2.757)
2023-06-13 00:40:29 INFO  http-nio-8080-exec-1 org.apache.catalina.core.ContainerBase.[Tomcat].[localhost].[/] Initializing Spring DispatcherServlet 'dispatcherServlet'
2023-06-13 00:40:29 INFO  http-nio-8080-exec-1 org.springframework.web.servlet.DispatcherServlet Initializing Servlet 'dispatcherServlet'
2023-06-13 00:40:29 INFO  http-nio-8080-exec-1 org.springframework.web.servlet.DispatcherServlet Completed initialization in 1 ms
2023-06-13 00:40:49 INFO  background-preinit org.hibernate.validator.internal.util.Version HV000001: Hibernate Validator 6.2.5.Final
2023-06-13 00:40:49 INFO  main cn.soboys.springbootrestfulapi.SpringbootRestfulapiApplication Starting SpringbootRestfulapiApplication using Java 1.8.0_362 on xiangyongdeMBP with PID 39262 (/Users/xiangyong/selfProject/springboot-cli-template/springboot-restfulapi/target/classes started by xiangyong in /Users/xiangyong/selfProject/springboot-cli-template)
2023-06-13 00:40:49 INFO  main cn.soboys.springbootrestfulapi.SpringbootRestfulapiApplication No active profile set, falling back to 1 default profile: "default"
2023-06-13 00:40:50 INFO  main org.springframework.boot.web.embedded.tomcat.TomcatWebServer Tomcat initialized with port(s): 8080 (http)
2023-06-13 00:40:50 INFO  main org.apache.coyote.http11.Http11NioProtocol Initializing ProtocolHandler ["http-nio-8080"]
2023-06-13 00:40:50 INFO  main org.apache.catalina.core.StandardService Starting service [Tomcat]
2023-06-13 00:40:50 INFO  main org.apache.catalina.core.StandardEngine Starting Servlet engine: [Apache Tomcat/9.0.75]
2023-06-13 00:40:50 INFO  main org.apache.catalina.core.ContainerBase.[Tomcat].[localhost].[/] Initializing Spring embedded WebApplicationContext
2023-06-13 00:40:50 INFO  main org.springframework.boot.web.servlet.context.ServletWebServerApplicationContext Root WebApplicationContext: initialization completed in 1096 ms
2023-06-13 00:40:51 INFO  main org.apache.coyote.http11.Http11NioProtocol Starting ProtocolHandler ["http-nio-8080"]
2023-06-13 00:40:51 INFO  main org.springframework.boot.web.embedded.tomcat.TomcatWebServer Tomcat started on port(s): 8080 (http) with context path ''
2023-06-13 00:40:51 INFO  main cn.soboys.springbootrestfulapi.SpringbootRestfulapiApplication Started SpringbootRestfulapiApplication in 2.138 seconds (JVM running for 2.768)
2023-06-13 00:40:54 INFO  http-nio-8080-exec-1 org.apache.catalina.core.ContainerBase.[Tomcat].[localhost].[/] Initializing Spring DispatcherServlet 'dispatcherServlet'
2023-06-13 00:40:54 INFO  http-nio-8080-exec-1 org.springframework.web.servlet.DispatcherServlet Initializing Servlet 'dispatcherServlet'
2023-06-13 00:40:54 INFO  http-nio-8080-exec-1 org.springframework.web.servlet.DispatcherServlet Completed initialization in 1 ms
2023-06-13 03:12:19 INFO  background-preinit org.hibernate.validator.internal.util.Version HV000001: Hibernate Validator 6.2.5.Final
2023-06-13 03:12:19 INFO  main cn.soboys.springbootrestfulapi.SpringbootRestfulapiApplication Starting SpringbootRestfulapiApplication using Java 1.8.0_362 on xiangyongdeMBP with PID 43170 (/Users/xiangyong/selfProject/springboot-cli-template/springboot-restfulapi/target/classes started by xiangyong in /Users/xiangyong/selfProject/springboot-cli-template)
2023-06-13 03:12:19 INFO  main cn.soboys.springbootrestfulapi.SpringbootRestfulapiApplication No active profile set, falling back to 1 default profile: "default"
2023-06-13 03:12:20 INFO  main org.springframework.boot.web.embedded.tomcat.TomcatWebServer Tomcat initialized with port(s): 8080 (http)
2023-06-13 03:12:20 INFO  main org.apache.coyote.http11.Http11NioProtocol Initializing ProtocolHandler ["http-nio-8080"]
2023-06-13 03:12:20 INFO  main org.apache.catalina.core.StandardService Starting service [Tomcat]
2023-06-13 03:12:20 INFO  main org.apache.catalina.core.StandardEngine Starting Servlet engine: [Apache Tomcat/9.0.75]
2023-06-13 03:12:20 INFO  main org.apache.catalina.core.ContainerBase.[Tomcat].[localhost].[/] Initializing Spring embedded WebApplicationContext
2023-06-13 03:12:20 INFO  main org.springframework.boot.web.servlet.context.ServletWebServerApplicationContext Root WebApplicationContext: initialization completed in 999 ms
2023-06-13 03:12:21 INFO  main org.apache.coyote.http11.Http11NioProtocol Starting ProtocolHandler ["http-nio-8080"]
2023-06-13 03:12:21 INFO  main org.springframework.boot.web.embedded.tomcat.TomcatWebServer Tomcat started on port(s): 8080 (http) with context path ''
2023-06-13 03:12:21 INFO  main cn.soboys.springbootrestfulapi.SpringbootRestfulapiApplication Started SpringbootRestfulapiApplication in 2.06 seconds (JVM running for 2.694)
2023-06-13 03:12:32 INFO  http-nio-8080-exec-1 org.apache.catalina.core.ContainerBase.[Tomcat].[localhost].[/] Initializing Spring DispatcherServlet 'dispatcherServlet'
2023-06-13 03:12:32 INFO  http-nio-8080-exec-1 org.springframework.web.servlet.DispatcherServlet Initializing Servlet 'dispatcherServlet'
2023-06-13 03:12:32 INFO  http-nio-8080-exec-1 org.springframework.web.servlet.DispatcherServlet Completed initialization in 2 ms
2023-06-13 03:12:47 INFO  background-preinit org.hibernate.validator.internal.util.Version HV000001: Hibernate Validator 6.2.5.Final
2023-06-13 03:12:47 INFO  main cn.soboys.springbootrestfulapi.SpringbootRestfulapiApplication Starting SpringbootRestfulapiApplication using Java 1.8.0_362 on xiangyongdeMBP with PID 43280 (/Users/xiangyong/selfProject/springboot-cli-template/springboot-restfulapi/target/classes started by xiangyong in /Users/xiangyong/selfProject/springboot-cli-template)
2023-06-13 03:12:47 INFO  main cn.soboys.springbootrestfulapi.SpringbootRestfulapiApplication No active profile set, falling back to 1 default profile: "default"
2023-06-13 03:12:48 INFO  main org.springframework.boot.web.embedded.tomcat.TomcatWebServer Tomcat initialized with port(s): 8080 (http)
2023-06-13 03:12:48 INFO  main org.apache.coyote.http11.Http11NioProtocol Initializing ProtocolHandler ["http-nio-8080"]
2023-06-13 03:12:48 INFO  main org.apache.catalina.core.StandardService Starting service [Tomcat]
2023-06-13 03:12:48 INFO  main org.apache.catalina.core.StandardEngine Starting Servlet engine: [Apache Tomcat/9.0.75]
2023-06-13 03:12:48 INFO  main org.apache.catalina.core.ContainerBase.[Tomcat].[localhost].[/] Initializing Spring embedded WebApplicationContext
2023-06-13 03:12:48 INFO  main org.springframework.boot.web.servlet.context.ServletWebServerApplicationContext Root WebApplicationContext: initialization completed in 1003 ms
2023-06-13 03:12:49 INFO  main org.apache.coyote.http11.Http11NioProtocol Starting ProtocolHandler ["http-nio-8080"]
2023-06-13 03:12:49 INFO  main org.springframework.boot.web.embedded.tomcat.TomcatWebServer Tomcat started on port(s): 8080 (http) with context path ''
2023-06-13 03:12:49 INFO  main cn.soboys.springbootrestfulapi.SpringbootRestfulapiApplication Started SpringbootRestfulapiApplication in 2.013 seconds (JVM running for 2.633)
2023-06-13 03:12:53 INFO  http-nio-8080-exec-1 org.apache.catalina.core.ContainerBase.[Tomcat].[localhost].[/] Initializing Spring DispatcherServlet 'dispatcherServlet'
2023-06-13 03:12:53 INFO  http-nio-8080-exec-1 org.springframework.web.servlet.DispatcherServlet Initializing Servlet 'dispatcherServlet'
2023-06-13 03:12:53 INFO  http-nio-8080-exec-1 org.springframework.web.servlet.DispatcherServlet Completed initialization in 1 ms
