2023-06-12 17:40:38 INFO  background-preinit org.hibernate.validator.internal.util.Version HV000001: Hibernate Validator 6.2.5.Final
2023-06-12 17:40:38 INFO  main cn.soboys.springbootrestfulapi.SpringbootRestfulapiApplication Starting SpringbootRestfulapiApplication using Java 1.8.0_362 on xiangyongdeMBP with PID 59866 (/Users/xiangyong/selfProject/springboot-cli-template/springboot-restfulapi/target/classes started by xiangyong in /Users/xiangyong/selfProject/springboot-cli-template)
2023-06-12 17:40:38 INFO  main cn.soboys.springbootrestfulapi.SpringbootRestfulapiApplication No active profile set, falling back to 1 default profile: "default"
2023-06-12 17:40:39 INFO  main org.springframework.boot.web.embedded.tomcat.TomcatWebServer Tomcat initialized with port(s): 8080 (http)
2023-06-12 17:40:39 INFO  main org.apache.coyote.http11.Http11NioProtocol Initializing ProtocolHandler ["http-nio-8080"]
2023-06-12 17:40:39 INFO  main org.apache.catalina.core.StandardService Starting service [Tomcat]
2023-06-12 17:40:39 INFO  main org.apache.catalina.core.StandardEngine Starting Servlet engine: [Apache Tomcat/9.0.75]
2023-06-12 17:40:39 INFO  main org.apache.catalina.core.ContainerBase.[Tomcat].[localhost].[/] Initializing Spring embedded WebApplicationContext
2023-06-12 17:40:39 INFO  main org.springframework.boot.web.servlet.context.ServletWebServerApplicationContext Root WebApplicationContext: initialization completed in 1260 ms
2023-06-12 17:40:40 INFO  main org.apache.coyote.http11.Http11NioProtocol Starting ProtocolHandler ["http-nio-8080"]
2023-06-12 17:40:40 INFO  main org.springframework.boot.web.embedded.tomcat.TomcatWebServer Tomcat started on port(s): 8080 (http) with context path ''
2023-06-12 17:40:40 INFO  main cn.soboys.springbootrestfulapi.SpringbootRestfulapiApplication Started SpringbootRestfulapiApplication in 2.386 seconds (JVM running for 3.086)
2023-06-12 17:41:04 INFO  http-nio-8080-exec-1 org.apache.catalina.core.ContainerBase.[Tomcat].[localhost].[/] Initializing Spring DispatcherServlet 'dispatcherServlet'
2023-06-12 17:41:04 INFO  http-nio-8080-exec-1 org.springframework.web.servlet.DispatcherServlet Initializing Servlet 'dispatcherServlet'
2023-06-12 17:41:04 INFO  http-nio-8080-exec-1 org.springframework.web.servlet.DispatcherServlet Completed initialization in 2 ms
2023-06-12 17:45:14 INFO  background-preinit org.hibernate.validator.internal.util.Version HV000001: Hibernate Validator 6.2.5.Final
2023-06-12 17:45:14 INFO  main cn.soboys.springbootrestfulapi.SpringbootRestfulapiApplication Starting SpringbootRestfulapiApplication using Java 1.8.0_362 on xiangyongdeMBP with PID 60749 (/Users/xiangyong/selfProject/springboot-cli-template/springboot-restfulapi/target/classes started by xiangyong in /Users/xiangyong/selfProject/springboot-cli-template)
2023-06-12 17:45:14 INFO  main cn.soboys.springbootrestfulapi.SpringbootRestfulapiApplication No active profile set, falling back to 1 default profile: "default"
2023-06-12 17:45:15 INFO  main org.springframework.boot.web.embedded.tomcat.TomcatWebServer Tomcat initialized with port(s): 8080 (http)
2023-06-12 17:45:15 INFO  main org.apache.coyote.http11.Http11NioProtocol Initializing ProtocolHandler ["http-nio-8080"]
2023-06-12 17:45:15 INFO  main org.apache.catalina.core.StandardService Starting service [Tomcat]
2023-06-12 17:45:15 INFO  main org.apache.catalina.core.StandardEngine Starting Servlet engine: [Apache Tomcat/9.0.75]
2023-06-12 17:45:15 INFO  main org.apache.catalina.core.ContainerBase.[Tomcat].[localhost].[/] Initializing Spring embedded WebApplicationContext
2023-06-12 17:45:15 INFO  main org.springframework.boot.web.servlet.context.ServletWebServerApplicationContext Root WebApplicationContext: initialization completed in 1078 ms
2023-06-12 17:45:16 INFO  main org.apache.coyote.http11.Http11NioProtocol Starting ProtocolHandler ["http-nio-8080"]
2023-06-12 17:45:16 INFO  main org.springframework.boot.web.embedded.tomcat.TomcatWebServer Tomcat started on port(s): 8080 (http) with context path ''
2023-06-12 17:45:16 INFO  main cn.soboys.springbootrestfulapi.SpringbootRestfulapiApplication Started SpringbootRestfulapiApplication in 2.028 seconds (JVM running for 2.641)
2023-06-12 17:45:31 INFO  http-nio-8080-exec-1 org.apache.catalina.core.ContainerBase.[Tomcat].[localhost].[/] Initializing Spring DispatcherServlet 'dispatcherServlet'
2023-06-12 17:45:31 INFO  http-nio-8080-exec-1 org.springframework.web.servlet.DispatcherServlet Initializing Servlet 'dispatcherServlet'
2023-06-12 17:45:31 INFO  http-nio-8080-exec-1 org.springframework.web.servlet.DispatcherServlet Completed initialization in 1 ms
2023-06-12 17:53:55 INFO  background-preinit org.hibernate.validator.internal.util.Version HV000001: Hibernate Validator 6.2.5.Final
2023-06-12 17:53:55 INFO  main cn.soboys.springbootrestfulapi.SpringbootRestfulapiApplication Starting SpringbootRestfulapiApplication using Java 1.8.0_362 on xiangyongdeMBP with PID 62395 (/Users/xiangyong/selfProject/springboot-cli-template/springboot-restfulapi/target/classes started by xiangyong in /Users/xiangyong/selfProject/springboot-cli-template)
2023-06-12 17:53:55 INFO  main cn.soboys.springbootrestfulapi.SpringbootRestfulapiApplication No active profile set, falling back to 1 default profile: "default"
2023-06-12 17:53:56 INFO  main org.springframework.boot.web.embedded.tomcat.TomcatWebServer Tomcat initialized with port(s): 8080 (http)
2023-06-12 17:53:56 INFO  main org.apache.coyote.http11.Http11NioProtocol Initializing ProtocolHandler ["http-nio-8080"]
2023-06-12 17:53:56 INFO  main org.apache.catalina.core.StandardService Starting service [Tomcat]
2023-06-12 17:53:56 INFO  main org.apache.catalina.core.StandardEngine Starting Servlet engine: [Apache Tomcat/9.0.75]
2023-06-12 17:53:56 INFO  main org.apache.catalina.core.ContainerBase.[Tomcat].[localhost].[/] Initializing Spring embedded WebApplicationContext
2023-06-12 17:53:56 INFO  main org.springframework.boot.web.servlet.context.ServletWebServerApplicationContext Root WebApplicationContext: initialization completed in 1114 ms
2023-06-12 17:53:57 INFO  main org.apache.coyote.http11.Http11NioProtocol Starting ProtocolHandler ["http-nio-8080"]
2023-06-12 17:53:57 INFO  main org.springframework.boot.web.embedded.tomcat.TomcatWebServer Tomcat started on port(s): 8080 (http) with context path ''
2023-06-12 17:53:57 INFO  main cn.soboys.springbootrestfulapi.SpringbootRestfulapiApplication Started SpringbootRestfulapiApplication in 2.091 seconds (JVM running for 2.691)
2023-06-12 17:55:30 INFO  http-nio-8080-exec-1 org.apache.catalina.core.ContainerBase.[Tomcat].[localhost].[/] Initializing Spring DispatcherServlet 'dispatcherServlet'
2023-06-12 17:55:30 INFO  http-nio-8080-exec-1 org.springframework.web.servlet.DispatcherServlet Initializing Servlet 'dispatcherServlet'
2023-06-12 17:55:30 INFO  http-nio-8080-exec-1 org.springframework.web.servlet.DispatcherServlet Completed initialization in 1 ms
2023-06-12 18:11:13 INFO  background-preinit org.hibernate.validator.internal.util.Version HV000001: Hibernate Validator 6.2.5.Final
2023-06-12 18:11:13 INFO  main cn.soboys.springbootrestfulapi.SpringbootRestfulapiApplication Starting SpringbootRestfulapiApplication using Java 1.8.0_362 on xiangyongdeMBP with PID 65764 (/Users/xiangyong/selfProject/springboot-cli-template/springboot-restfulapi/target/classes started by xiangyong in /Users/xiangyong/selfProject/springboot-cli-template)
2023-06-12 18:11:13 INFO  main cn.soboys.springbootrestfulapi.SpringbootRestfulapiApplication No active profile set, falling back to 1 default profile: "default"
2023-06-12 18:11:14 INFO  main org.springframework.boot.web.embedded.tomcat.TomcatWebServer Tomcat initialized with port(s): 8080 (http)
2023-06-12 18:11:14 INFO  main org.apache.coyote.http11.Http11NioProtocol Initializing ProtocolHandler ["http-nio-8080"]
2023-06-12 18:11:14 INFO  main org.apache.catalina.core.StandardService Starting service [Tomcat]
2023-06-12 18:11:14 INFO  main org.apache.catalina.core.StandardEngine Starting Servlet engine: [Apache Tomcat/9.0.75]
2023-06-12 18:11:14 INFO  main org.apache.catalina.core.ContainerBase.[Tomcat].[localhost].[/] Initializing Spring embedded WebApplicationContext
2023-06-12 18:11:14 INFO  main org.springframework.boot.web.servlet.context.ServletWebServerApplicationContext Root WebApplicationContext: initialization completed in 1069 ms
2023-06-12 18:11:14 INFO  main org.apache.coyote.http11.Http11NioProtocol Starting ProtocolHandler ["http-nio-8080"]
2023-06-12 18:11:14 INFO  main org.springframework.boot.web.embedded.tomcat.TomcatWebServer Tomcat started on port(s): 8080 (http) with context path ''
2023-06-12 18:11:15 INFO  main cn.soboys.springbootrestfulapi.SpringbootRestfulapiApplication Started SpringbootRestfulapiApplication in 2.106 seconds (JVM running for 2.727)
2023-06-12 18:12:09 INFO  http-nio-8080-exec-2 org.apache.catalina.core.ContainerBase.[Tomcat].[localhost].[/] Initializing Spring DispatcherServlet 'dispatcherServlet'
2023-06-12 18:12:09 INFO  http-nio-8080-exec-2 org.springframework.web.servlet.DispatcherServlet Initializing Servlet 'dispatcherServlet'
2023-06-12 18:12:09 INFO  http-nio-8080-exec-2 org.springframework.web.servlet.DispatcherServlet Completed initialization in 1 ms
2023-06-12 18:16:17 INFO  background-preinit org.hibernate.validator.internal.util.Version HV000001: Hibernate Validator 6.2.5.Final
2023-06-12 18:16:17 INFO  main cn.soboys.springbootrestfulapi.SpringbootRestfulapiApplication Starting SpringbootRestfulapiApplication using Java 1.8.0_362 on xiangyongdeMBP with PID 66728 (/Users/xiangyong/selfProject/springboot-cli-template/springboot-restfulapi/target/classes started by xiangyong in /Users/xiangyong/selfProject/springboot-cli-template)
2023-06-12 18:16:17 INFO  main cn.soboys.springbootrestfulapi.SpringbootRestfulapiApplication No active profile set, falling back to 1 default profile: "default"
2023-06-12 18:16:18 INFO  main org.springframework.boot.web.embedded.tomcat.TomcatWebServer Tomcat initialized with port(s): 8080 (http)
2023-06-12 18:16:18 INFO  main org.apache.coyote.http11.Http11NioProtocol Initializing ProtocolHandler ["http-nio-8080"]
2023-06-12 18:16:18 INFO  main org.apache.catalina.core.StandardService Starting service [Tomcat]
2023-06-12 18:16:18 INFO  main org.apache.catalina.core.StandardEngine Starting Servlet engine: [Apache Tomcat/9.0.75]
2023-06-12 18:16:18 INFO  main org.apache.catalina.core.ContainerBase.[Tomcat].[localhost].[/] Initializing Spring embedded WebApplicationContext
2023-06-12 18:16:18 INFO  main org.springframework.boot.web.servlet.context.ServletWebServerApplicationContext Root WebApplicationContext: initialization completed in 978 ms
2023-06-12 18:16:19 INFO  main org.apache.coyote.http11.Http11NioProtocol Starting ProtocolHandler ["http-nio-8080"]
2023-06-12 18:16:19 INFO  main org.springframework.boot.web.embedded.tomcat.TomcatWebServer Tomcat started on port(s): 8080 (http) with context path ''
2023-06-12 18:16:19 INFO  main cn.soboys.springbootrestfulapi.SpringbootRestfulapiApplication Started SpringbootRestfulapiApplication in 1.91 seconds (JVM running for 2.556)
2023-06-12 18:18:10 INFO  http-nio-8080-exec-1 org.apache.catalina.core.ContainerBase.[Tomcat].[localhost].[/] Initializing Spring DispatcherServlet 'dispatcherServlet'
2023-06-12 18:18:10 INFO  http-nio-8080-exec-1 org.springframework.web.servlet.DispatcherServlet Initializing Servlet 'dispatcherServlet'
2023-06-12 18:18:10 INFO  http-nio-8080-exec-1 org.springframework.web.servlet.DispatcherServlet Completed initialization in 2 ms
2023-06-12 18:24:51 INFO  background-preinit org.hibernate.validator.internal.util.Version HV000001: Hibernate Validator 6.2.5.Final
2023-06-12 18:24:51 INFO  main cn.soboys.springbootrestfulapi.SpringbootRestfulapiApplication Starting SpringbootRestfulapiApplication using Java 1.8.0_362 on xiangyongdeMBP with PID 68343 (/Users/xiangyong/selfProject/springboot-cli-template/springboot-restfulapi/target/classes started by xiangyong in /Users/xiangyong/selfProject/springboot-cli-template)
2023-06-12 18:24:51 INFO  main cn.soboys.springbootrestfulapi.SpringbootRestfulapiApplication No active profile set, falling back to 1 default profile: "default"
2023-06-12 18:24:52 INFO  main org.springframework.boot.web.embedded.tomcat.TomcatWebServer Tomcat initialized with port(s): 8080 (http)
2023-06-12 18:24:52 INFO  main org.apache.coyote.http11.Http11NioProtocol Initializing ProtocolHandler ["http-nio-8080"]
2023-06-12 18:24:52 INFO  main org.apache.catalina.core.StandardService Starting service [Tomcat]
2023-06-12 18:24:52 INFO  main org.apache.catalina.core.StandardEngine Starting Servlet engine: [Apache Tomcat/9.0.75]
2023-06-12 18:24:52 INFO  main org.apache.catalina.core.ContainerBase.[Tomcat].[localhost].[/] Initializing Spring embedded WebApplicationContext
2023-06-12 18:24:52 INFO  main org.springframework.boot.web.servlet.context.ServletWebServerApplicationContext Root WebApplicationContext: initialization completed in 1076 ms
2023-06-12 18:24:52 INFO  main org.apache.coyote.http11.Http11NioProtocol Starting ProtocolHandler ["http-nio-8080"]
2023-06-12 18:24:52 INFO  main org.springframework.boot.web.embedded.tomcat.TomcatWebServer Tomcat started on port(s): 8080 (http) with context path ''
2023-06-12 18:24:52 INFO  main cn.soboys.springbootrestfulapi.SpringbootRestfulapiApplication Started SpringbootRestfulapiApplication in 2.056 seconds (JVM running for 2.691)
2023-06-12 18:24:57 INFO  http-nio-8080-exec-1 org.apache.catalina.core.ContainerBase.[Tomcat].[localhost].[/] Initializing Spring DispatcherServlet 'dispatcherServlet'
2023-06-12 18:24:57 INFO  http-nio-8080-exec-1 org.springframework.web.servlet.DispatcherServlet Initializing Servlet 'dispatcherServlet'
2023-06-12 18:24:57 INFO  http-nio-8080-exec-1 org.springframework.web.servlet.DispatcherServlet Completed initialization in 1 ms
2023-06-12 18:26:25 INFO  background-preinit org.hibernate.validator.internal.util.Version HV000001: Hibernate Validator 6.2.5.Final
2023-06-12 18:26:25 INFO  main cn.soboys.springbootrestfulapi.SpringbootRestfulapiApplication Starting SpringbootRestfulapiApplication using Java 1.8.0_362 on xiangyongdeMBP with PID 68639 (/Users/xiangyong/selfProject/springboot-cli-template/springboot-restfulapi/target/classes started by xiangyong in /Users/xiangyong/selfProject/springboot-cli-template)
2023-06-12 18:26:25 INFO  main cn.soboys.springbootrestfulapi.SpringbootRestfulapiApplication No active profile set, falling back to 1 default profile: "default"
2023-06-12 18:26:26 INFO  main org.springframework.boot.web.embedded.tomcat.TomcatWebServer Tomcat initialized with port(s): 8080 (http)
2023-06-12 18:26:27 INFO  main org.apache.coyote.http11.Http11NioProtocol Initializing ProtocolHandler ["http-nio-8080"]
2023-06-12 18:26:27 INFO  main org.apache.catalina.core.StandardService Starting service [Tomcat]
2023-06-12 18:26:27 INFO  main org.apache.catalina.core.StandardEngine Starting Servlet engine: [Apache Tomcat/9.0.75]
2023-06-12 18:26:27 INFO  main org.apache.catalina.core.ContainerBase.[Tomcat].[localhost].[/] Initializing Spring embedded WebApplicationContext
2023-06-12 18:26:27 INFO  main org.springframework.boot.web.servlet.context.ServletWebServerApplicationContext Root WebApplicationContext: initialization completed in 1335 ms
2023-06-12 18:26:27 INFO  main org.apache.coyote.http11.Http11NioProtocol Starting ProtocolHandler ["http-nio-8080"]
2023-06-12 18:26:27 INFO  main org.springframework.boot.web.embedded.tomcat.TomcatWebServer Tomcat started on port(s): 8080 (http) with context path ''
2023-06-12 18:26:27 INFO  main cn.soboys.springbootrestfulapi.SpringbootRestfulapiApplication Started SpringbootRestfulapiApplication in 2.605 seconds (JVM running for 3.298)
2023-06-12 18:26:37 INFO  http-nio-8080-exec-1 org.apache.catalina.core.ContainerBase.[Tomcat].[localhost].[/] Initializing Spring DispatcherServlet 'dispatcherServlet'
2023-06-12 18:26:37 INFO  http-nio-8080-exec-1 org.springframework.web.servlet.DispatcherServlet Initializing Servlet 'dispatcherServlet'
2023-06-12 18:26:37 INFO  http-nio-8080-exec-1 org.springframework.web.servlet.DispatcherServlet Completed initialization in 1 ms
2023-06-12 18:29:19 INFO  background-preinit org.hibernate.validator.internal.util.Version HV000001: Hibernate Validator 6.2.5.Final
2023-06-12 18:29:19 INFO  main cn.soboys.springbootrestfulapi.SpringbootRestfulapiApplication Starting SpringbootRestfulapiApplication using Java 1.8.0_362 on xiangyongdeMBP with PID 69204 (/Users/xiangyong/selfProject/springboot-cli-template/springboot-restfulapi/target/classes started by xiangyong in /Users/xiangyong/selfProject/springboot-cli-template)
2023-06-12 18:29:19 INFO  main cn.soboys.springbootrestfulapi.SpringbootRestfulapiApplication No active profile set, falling back to 1 default profile: "default"
2023-06-12 18:29:20 INFO  main org.springframework.boot.web.embedded.tomcat.TomcatWebServer Tomcat initialized with port(s): 8080 (http)
2023-06-12 18:29:20 INFO  main org.apache.coyote.http11.Http11NioProtocol Initializing ProtocolHandler ["http-nio-8080"]
2023-06-12 18:29:20 INFO  main org.apache.catalina.core.StandardService Starting service [Tomcat]
2023-06-12 18:29:20 INFO  main org.apache.catalina.core.StandardEngine Starting Servlet engine: [Apache Tomcat/9.0.75]
2023-06-12 18:29:20 INFO  main org.apache.catalina.core.ContainerBase.[Tomcat].[localhost].[/] Initializing Spring embedded WebApplicationContext
2023-06-12 18:29:20 INFO  main org.springframework.boot.web.servlet.context.ServletWebServerApplicationContext Root WebApplicationContext: initialization completed in 850 ms
2023-06-12 18:29:21 INFO  main org.apache.coyote.http11.Http11NioProtocol Starting ProtocolHandler ["http-nio-8080"]
2023-06-12 18:29:21 INFO  main org.springframework.boot.web.embedded.tomcat.TomcatWebServer Tomcat started on port(s): 8080 (http) with context path ''
2023-06-12 18:29:21 INFO  main cn.soboys.springbootrestfulapi.SpringbootRestfulapiApplication Started SpringbootRestfulapiApplication in 1.648 seconds (JVM running for 2.335)
2023-06-12 18:30:26 INFO  http-nio-8080-exec-1 org.apache.catalina.core.ContainerBase.[Tomcat].[localhost].[/] Initializing Spring DispatcherServlet 'dispatcherServlet'
2023-06-12 18:30:26 INFO  http-nio-8080-exec-1 org.springframework.web.servlet.DispatcherServlet Initializing Servlet 'dispatcherServlet'
2023-06-12 18:30:26 INFO  http-nio-8080-exec-1 org.springframework.web.servlet.DispatcherServlet Completed initialization in 1 ms
2023-06-12 18:37:54 INFO  background-preinit org.hibernate.validator.internal.util.Version HV000001: Hibernate Validator 6.2.5.Final
2023-06-12 18:37:54 INFO  main cn.soboys.springbootrestfulapi.SpringbootRestfulapiApplication Starting SpringbootRestfulapiApplication using Java 1.8.0_362 on xiangyongdeMBP with PID 70819 (/Users/xiangyong/selfProject/springboot-cli-template/springboot-restfulapi/target/classes started by xiangyong in /Users/xiangyong/selfProject/springboot-cli-template)
2023-06-12 18:37:54 INFO  main cn.soboys.springbootrestfulapi.SpringbootRestfulapiApplication No active profile set, falling back to 1 default profile: "default"
2023-06-12 18:37:55 INFO  main org.springframework.boot.web.embedded.tomcat.TomcatWebServer Tomcat initialized with port(s): 8080 (http)
2023-06-12 18:37:55 INFO  main org.apache.coyote.http11.Http11NioProtocol Initializing ProtocolHandler ["http-nio-8080"]
2023-06-12 18:37:55 INFO  main org.apache.catalina.core.StandardService Starting service [Tomcat]
2023-06-12 18:37:55 INFO  main org.apache.catalina.core.StandardEngine Starting Servlet engine: [Apache Tomcat/9.0.75]
2023-06-12 18:37:55 INFO  main org.apache.catalina.core.ContainerBase.[Tomcat].[localhost].[/] Initializing Spring embedded WebApplicationContext
2023-06-12 18:37:55 INFO  main org.springframework.boot.web.servlet.context.ServletWebServerApplicationContext Root WebApplicationContext: initialization completed in 1047 ms
2023-06-12 18:37:56 INFO  main org.apache.coyote.http11.Http11NioProtocol Starting ProtocolHandler ["http-nio-8080"]
2023-06-12 18:37:56 INFO  main org.springframework.boot.web.embedded.tomcat.TomcatWebServer Tomcat started on port(s): 8080 (http) with context path ''
2023-06-12 18:37:56 INFO  main cn.soboys.springbootrestfulapi.SpringbootRestfulapiApplication Started SpringbootRestfulapiApplication in 1.987 seconds (JVM running for 2.606)
2023-06-12 18:38:04 INFO  http-nio-8080-exec-1 org.apache.catalina.core.ContainerBase.[Tomcat].[localhost].[/] Initializing Spring DispatcherServlet 'dispatcherServlet'
2023-06-12 18:38:04 INFO  http-nio-8080-exec-1 org.springframework.web.servlet.DispatcherServlet Initializing Servlet 'dispatcherServlet'
2023-06-12 18:38:04 INFO  http-nio-8080-exec-1 org.springframework.web.servlet.DispatcherServlet Completed initialization in 1 ms
2023-06-12 18:40:24 INFO  background-preinit org.hibernate.validator.internal.util.Version HV000001: Hibernate Validator 6.2.5.Final
2023-06-12 18:40:24 INFO  main cn.soboys.springbootrestfulapi.SpringbootRestfulapiApplication Starting SpringbootRestfulapiApplication using Java 1.8.0_362 on xiangyongdeMBP with PID 71296 (/Users/xiangyong/selfProject/springboot-cli-template/springboot-restfulapi/target/classes started by xiangyong in /Users/xiangyong/selfProject/springboot-cli-template)
2023-06-12 18:40:24 INFO  main cn.soboys.springbootrestfulapi.SpringbootRestfulapiApplication No active profile set, falling back to 1 default profile: "default"
2023-06-12 18:40:25 INFO  main org.springframework.boot.web.embedded.tomcat.TomcatWebServer Tomcat initialized with port(s): 8080 (http)
2023-06-12 18:40:25 INFO  main org.apache.coyote.http11.Http11NioProtocol Initializing ProtocolHandler ["http-nio-8080"]
2023-06-12 18:40:25 INFO  main org.apache.catalina.core.StandardService Starting service [Tomcat]
2023-06-12 18:40:25 INFO  main org.apache.catalina.core.StandardEngine Starting Servlet engine: [Apache Tomcat/9.0.75]
2023-06-12 18:40:26 INFO  main org.apache.catalina.core.ContainerBase.[Tomcat].[localhost].[/] Initializing Spring embedded WebApplicationContext
2023-06-12 18:40:26 INFO  main org.springframework.boot.web.servlet.context.ServletWebServerApplicationContext Root WebApplicationContext: initialization completed in 1140 ms
2023-06-12 18:40:26 INFO  main org.apache.coyote.http11.Http11NioProtocol Starting ProtocolHandler ["http-nio-8080"]
2023-06-12 18:40:26 INFO  main org.springframework.boot.web.embedded.tomcat.TomcatWebServer Tomcat started on port(s): 8080 (http) with context path ''
2023-06-12 18:40:26 INFO  main cn.soboys.springbootrestfulapi.SpringbootRestfulapiApplication Started SpringbootRestfulapiApplication in 2.068 seconds (JVM running for 2.678)
2023-06-12 18:40:46 INFO  http-nio-8080-exec-1 org.apache.catalina.core.ContainerBase.[Tomcat].[localhost].[/] Initializing Spring DispatcherServlet 'dispatcherServlet'
2023-06-12 18:40:46 INFO  http-nio-8080-exec-1 org.springframework.web.servlet.DispatcherServlet Initializing Servlet 'dispatcherServlet'
2023-06-12 18:40:46 INFO  http-nio-8080-exec-1 org.springframework.web.servlet.DispatcherServlet Completed initialization in 1 ms
2023-06-12 18:41:58 INFO  background-preinit org.hibernate.validator.internal.util.Version HV000001: Hibernate Validator 6.2.5.Final
2023-06-12 18:41:58 INFO  main cn.soboys.springbootrestfulapi.SpringbootRestfulapiApplication Starting SpringbootRestfulapiApplication using Java 1.8.0_362 on xiangyongdeMBP with PID 71606 (/Users/xiangyong/selfProject/springboot-cli-template/springboot-restfulapi/target/classes started by xiangyong in /Users/xiangyong/selfProject/springboot-cli-template)
2023-06-12 18:41:58 INFO  main cn.soboys.springbootrestfulapi.SpringbootRestfulapiApplication No active profile set, falling back to 1 default profile: "default"
2023-06-12 18:42:00 INFO  main org.springframework.boot.web.embedded.tomcat.TomcatWebServer Tomcat initialized with port(s): 8080 (http)
2023-06-12 18:42:00 INFO  main org.apache.coyote.http11.Http11NioProtocol Initializing ProtocolHandler ["http-nio-8080"]
2023-06-12 18:42:00 INFO  main org.apache.catalina.core.StandardService Starting service [Tomcat]
2023-06-12 18:42:00 INFO  main org.apache.catalina.core.StandardEngine Starting Servlet engine: [Apache Tomcat/9.0.75]
2023-06-12 18:42:00 INFO  main org.apache.catalina.core.ContainerBase.[Tomcat].[localhost].[/] Initializing Spring embedded WebApplicationContext
2023-06-12 18:42:00 INFO  main org.springframework.boot.web.servlet.context.ServletWebServerApplicationContext Root WebApplicationContext: initialization completed in 1113 ms
2023-06-12 18:42:00 INFO  main org.apache.coyote.http11.Http11NioProtocol Starting ProtocolHandler ["http-nio-8080"]
2023-06-12 18:42:00 INFO  main org.springframework.boot.web.embedded.tomcat.TomcatWebServer Tomcat started on port(s): 8080 (http) with context path ''
2023-06-12 18:42:00 INFO  main cn.soboys.springbootrestfulapi.SpringbootRestfulapiApplication Started SpringbootRestfulapiApplication in 2.018 seconds (JVM running for 2.68)
2023-06-12 18:42:03 INFO  http-nio-8080-exec-1 org.apache.catalina.core.ContainerBase.[Tomcat].[localhost].[/] Initializing Spring DispatcherServlet 'dispatcherServlet'
2023-06-12 18:42:03 INFO  http-nio-8080-exec-1 org.springframework.web.servlet.DispatcherServlet Initializing Servlet 'dispatcherServlet'
2023-06-12 18:42:03 INFO  http-nio-8080-exec-1 org.springframework.web.servlet.DispatcherServlet Completed initialization in 1 ms
2023-06-12 18:47:36 INFO  background-preinit org.hibernate.validator.internal.util.Version HV000001: Hibernate Validator 6.2.5.Final
2023-06-12 18:47:36 INFO  main cn.soboys.springbootrestfulapi.SpringbootRestfulapiApplication Starting SpringbootRestfulapiApplication using Java 1.8.0_362 on xiangyongdeMBP with PID 72693 (/Users/xiangyong/selfProject/springboot-cli-template/springboot-restfulapi/target/classes started by xiangyong in /Users/xiangyong/selfProject/springboot-cli-template)
2023-06-12 18:47:36 INFO  main cn.soboys.springbootrestfulapi.SpringbootRestfulapiApplication No active profile set, falling back to 1 default profile: "default"
2023-06-12 18:47:37 INFO  main org.springframework.boot.web.embedded.tomcat.TomcatWebServer Tomcat initialized with port(s): 8080 (http)
2023-06-12 18:47:37 INFO  main org.apache.coyote.http11.Http11NioProtocol Initializing ProtocolHandler ["http-nio-8080"]
2023-06-12 18:47:37 INFO  main org.apache.catalina.core.StandardService Starting service [Tomcat]
2023-06-12 18:47:37 INFO  main org.apache.catalina.core.StandardEngine Starting Servlet engine: [Apache Tomcat/9.0.75]
2023-06-12 18:47:37 INFO  main org.apache.catalina.core.ContainerBase.[Tomcat].[localhost].[/] Initializing Spring embedded WebApplicationContext
2023-06-12 18:47:37 INFO  main org.springframework.boot.web.servlet.context.ServletWebServerApplicationContext Root WebApplicationContext: initialization completed in 1335 ms
2023-06-12 18:47:38 INFO  main org.apache.coyote.http11.Http11NioProtocol Starting ProtocolHandler ["http-nio-8080"]
2023-06-12 18:47:38 INFO  main org.springframework.boot.web.embedded.tomcat.TomcatWebServer Tomcat started on port(s): 8080 (http) with context path ''
2023-06-12 18:47:38 INFO  main cn.soboys.springbootrestfulapi.SpringbootRestfulapiApplication Started SpringbootRestfulapiApplication in 2.354 seconds (JVM running for 3.047)
2023-06-12 18:47:42 INFO  http-nio-8080-exec-1 org.apache.catalina.core.ContainerBase.[Tomcat].[localhost].[/] Initializing Spring DispatcherServlet 'dispatcherServlet'
2023-06-12 18:47:42 INFO  http-nio-8080-exec-1 org.springframework.web.servlet.DispatcherServlet Initializing Servlet 'dispatcherServlet'
2023-06-12 18:47:42 INFO  http-nio-8080-exec-1 org.springframework.web.servlet.DispatcherServlet Completed initialization in 1 ms
2023-06-12 18:48:42 INFO  background-preinit org.hibernate.validator.internal.util.Version HV000001: Hibernate Validator 6.2.5.Final
2023-06-12 18:48:42 INFO  main cn.soboys.springbootrestfulapi.SpringbootRestfulapiApplication Starting SpringbootRestfulapiApplication using Java 1.8.0_362 on xiangyongdeMBP with PID 72906 (/Users/xiangyong/selfProject/springboot-cli-template/springboot-restfulapi/target/classes started by xiangyong in /Users/xiangyong/selfProject/springboot-cli-template)
2023-06-12 18:48:42 INFO  main cn.soboys.springbootrestfulapi.SpringbootRestfulapiApplication No active profile set, falling back to 1 default profile: "default"
2023-06-12 18:48:43 INFO  main org.springframework.boot.web.embedded.tomcat.TomcatWebServer Tomcat initialized with port(s): 8080 (http)
2023-06-12 18:48:43 INFO  main org.apache.coyote.http11.Http11NioProtocol Initializing ProtocolHandler ["http-nio-8080"]
2023-06-12 18:48:43 INFO  main org.apache.catalina.core.StandardService Starting service [Tomcat]
2023-06-12 18:48:43 INFO  main org.apache.catalina.core.StandardEngine Starting Servlet engine: [Apache Tomcat/9.0.75]
2023-06-12 18:48:43 INFO  main org.apache.catalina.core.ContainerBase.[Tomcat].[localhost].[/] Initializing Spring embedded WebApplicationContext
2023-06-12 18:48:43 INFO  main org.springframework.boot.web.servlet.context.ServletWebServerApplicationContext Root WebApplicationContext: initialization completed in 1280 ms
2023-06-12 18:48:44 INFO  main org.apache.coyote.http11.Http11NioProtocol Starting ProtocolHandler ["http-nio-8080"]
2023-06-12 18:48:44 INFO  main org.springframework.boot.web.embedded.tomcat.TomcatWebServer Tomcat started on port(s): 8080 (http) with context path ''
2023-06-12 18:48:44 INFO  main cn.soboys.springbootrestfulapi.SpringbootRestfulapiApplication Started SpringbootRestfulapiApplication in 2.34 seconds (JVM running for 3.012)
2023-06-12 18:48:51 INFO  http-nio-8080-exec-1 org.apache.catalina.core.ContainerBase.[Tomcat].[localhost].[/] Initializing Spring DispatcherServlet 'dispatcherServlet'
2023-06-12 18:48:51 INFO  http-nio-8080-exec-1 org.springframework.web.servlet.DispatcherServlet Initializing Servlet 'dispatcherServlet'
2023-06-12 18:48:51 INFO  http-nio-8080-exec-1 org.springframework.web.servlet.DispatcherServlet Completed initialization in 1 ms
2023-06-12 18:50:41 INFO  background-preinit org.hibernate.validator.internal.util.Version HV000001: Hibernate Validator 6.2.5.Final
2023-06-12 18:50:41 INFO  main cn.soboys.springbootrestfulapi.SpringbootRestfulapiApplication Starting SpringbootRestfulapiApplication using Java 1.8.0_362 on xiangyongdeMBP with PID 73290 (/Users/xiangyong/selfProject/springboot-cli-template/springboot-restfulapi/target/classes started by xiangyong in /Users/xiangyong/selfProject/springboot-cli-template)
2023-06-12 18:50:41 INFO  main cn.soboys.springbootrestfulapi.SpringbootRestfulapiApplication No active profile set, falling back to 1 default profile: "default"
2023-06-12 18:50:42 INFO  main org.springframework.boot.web.embedded.tomcat.TomcatWebServer Tomcat initialized with port(s): 8080 (http)
2023-06-12 18:50:42 INFO  main org.apache.coyote.http11.Http11NioProtocol Initializing ProtocolHandler ["http-nio-8080"]
2023-06-12 18:50:42 INFO  main org.apache.catalina.core.StandardService Starting service [Tomcat]
2023-06-12 18:50:42 INFO  main org.apache.catalina.core.StandardEngine Starting Servlet engine: [Apache Tomcat/9.0.75]
2023-06-12 18:50:42 INFO  main org.apache.catalina.core.ContainerBase.[Tomcat].[localhost].[/] Initializing Spring embedded WebApplicationContext
2023-06-12 18:50:42 INFO  main org.springframework.boot.web.servlet.context.ServletWebServerApplicationContext Root WebApplicationContext: initialization completed in 1139 ms
2023-06-12 18:50:42 INFO  main org.apache.coyote.http11.Http11NioProtocol Starting ProtocolHandler ["http-nio-8080"]
2023-06-12 18:50:42 INFO  main org.springframework.boot.web.embedded.tomcat.TomcatWebServer Tomcat started on port(s): 8080 (http) with context path ''
2023-06-12 18:50:42 INFO  main cn.soboys.springbootrestfulapi.SpringbootRestfulapiApplication Started SpringbootRestfulapiApplication in 2.152 seconds (JVM running for 2.897)
2023-06-12 18:50:50 INFO  http-nio-8080-exec-2 org.apache.catalina.core.ContainerBase.[Tomcat].[localhost].[/] Initializing Spring DispatcherServlet 'dispatcherServlet'
2023-06-12 18:50:50 INFO  http-nio-8080-exec-2 org.springframework.web.servlet.DispatcherServlet Initializing Servlet 'dispatcherServlet'
2023-06-12 18:50:50 INFO  http-nio-8080-exec-2 org.springframework.web.servlet.DispatcherServlet Completed initialization in 1 ms
2023-06-12 18:51:27 INFO  background-preinit org.hibernate.validator.internal.util.Version HV000001: Hibernate Validator 6.2.5.Final
2023-06-12 18:51:27 INFO  main cn.soboys.springbootrestfulapi.SpringbootRestfulapiApplication Starting SpringbootRestfulapiApplication using Java 1.8.0_362 on xiangyongdeMBP with PID 73439 (/Users/xiangyong/selfProject/springboot-cli-template/springboot-restfulapi/target/classes started by xiangyong in /Users/xiangyong/selfProject/springboot-cli-template)
2023-06-12 18:51:27 INFO  main cn.soboys.springbootrestfulapi.SpringbootRestfulapiApplication No active profile set, falling back to 1 default profile: "default"
2023-06-12 18:51:29 INFO  main org.springframework.boot.web.embedded.tomcat.TomcatWebServer Tomcat initialized with port(s): 8080 (http)
2023-06-12 18:51:29 INFO  main org.apache.coyote.http11.Http11NioProtocol Initializing ProtocolHandler ["http-nio-8080"]
2023-06-12 18:51:29 INFO  main org.apache.catalina.core.StandardService Starting service [Tomcat]
2023-06-12 18:51:29 INFO  main org.apache.catalina.core.StandardEngine Starting Servlet engine: [Apache Tomcat/9.0.75]
2023-06-12 18:51:29 INFO  main org.apache.catalina.core.ContainerBase.[Tomcat].[localhost].[/] Initializing Spring embedded WebApplicationContext
2023-06-12 18:51:29 INFO  main org.springframework.boot.web.servlet.context.ServletWebServerApplicationContext Root WebApplicationContext: initialization completed in 1338 ms
2023-06-12 18:51:29 INFO  main org.apache.coyote.http11.Http11NioProtocol Starting ProtocolHandler ["http-nio-8080"]
2023-06-12 18:51:29 INFO  main org.springframework.boot.web.embedded.tomcat.TomcatWebServer Tomcat started on port(s): 8080 (http) with context path ''
2023-06-12 18:51:29 INFO  main cn.soboys.springbootrestfulapi.SpringbootRestfulapiApplication Started SpringbootRestfulapiApplication in 2.484 seconds (JVM running for 3.128)
2023-06-12 18:51:52 INFO  http-nio-8080-exec-1 org.apache.catalina.core.ContainerBase.[Tomcat].[localhost].[/] Initializing Spring DispatcherServlet 'dispatcherServlet'
2023-06-12 18:51:52 INFO  http-nio-8080-exec-1 org.springframework.web.servlet.DispatcherServlet Initializing Servlet 'dispatcherServlet'
2023-06-12 18:51:52 INFO  http-nio-8080-exec-1 org.springframework.web.servlet.DispatcherServlet Completed initialization in 1 ms
2023-06-12 23:46:38 INFO  background-preinit org.hibernate.validator.internal.util.Version HV000001: Hibernate Validator 6.2.5.Final
2023-06-12 23:46:38 INFO  main cn.soboys.springbootrestfulapi.SpringbootRestfulapiApplication Starting SpringbootRestfulapiApplication using Java 1.8.0_362 on xiangyongdeMBP with PID 29008 (/Users/xiangyong/selfProject/springboot-cli-template/springboot-restfulapi/target/classes started by xiangyong in /Users/xiangyong/selfProject/springboot-cli-template)
2023-06-12 23:46:38 INFO  main cn.soboys.springbootrestfulapi.SpringbootRestfulapiApplication No active profile set, falling back to 1 default profile: "default"
2023-06-12 23:46:39 INFO  main org.springframework.boot.web.embedded.tomcat.TomcatWebServer Tomcat initialized with port(s): 8080 (http)
2023-06-12 23:46:39 INFO  main org.apache.coyote.http11.Http11NioProtocol Initializing ProtocolHandler ["http-nio-8080"]
2023-06-12 23:46:39 INFO  main org.apache.catalina.core.StandardService Starting service [Tomcat]
2023-06-12 23:46:39 INFO  main org.apache.catalina.core.StandardEngine Starting Servlet engine: [Apache Tomcat/9.0.75]
2023-06-12 23:46:39 INFO  main org.apache.catalina.core.ContainerBase.[Tomcat].[localhost].[/] Initializing Spring embedded WebApplicationContext
2023-06-12 23:46:39 INFO  main org.springframework.boot.web.servlet.context.ServletWebServerApplicationContext Root WebApplicationContext: initialization completed in 887 ms
2023-06-12 23:46:39 INFO  main org.apache.coyote.http11.Http11NioProtocol Starting ProtocolHandler ["http-nio-8080"]
2023-06-12 23:46:39 INFO  main org.springframework.boot.web.embedded.tomcat.TomcatWebServer Tomcat started on port(s): 8080 (http) with context path ''
2023-06-12 23:46:39 INFO  main cn.soboys.springbootrestfulapi.SpringbootRestfulapiApplication Started SpringbootRestfulapiApplication in 1.947 seconds (JVM running for 2.709)
2023-06-12 23:47:08 INFO  http-nio-8080-exec-1 org.apache.catalina.core.ContainerBase.[Tomcat].[localhost].[/] Initializing Spring DispatcherServlet 'dispatcherServlet'
2023-06-12 23:47:08 INFO  http-nio-8080-exec-1 org.springframework.web.servlet.DispatcherServlet Initializing Servlet 'dispatcherServlet'
2023-06-12 23:47:08 INFO  http-nio-8080-exec-1 org.springframework.web.servlet.DispatcherServlet Completed initialization in 1 ms
2023-06-12 23:49:32 INFO  background-preinit org.hibernate.validator.internal.util.Version HV000001: Hibernate Validator 6.2.5.Final
2023-06-12 23:49:32 INFO  main cn.soboys.springbootrestfulapi.SpringbootRestfulapiApplication Starting SpringbootRestfulapiApplication using Java 1.8.0_362 on xiangyongdeMBP with PID 29574 (/Users/xiangyong/selfProject/springboot-cli-template/springboot-restfulapi/target/classes started by xiangyong in /Users/xiangyong/selfProject/springboot-cli-template)
2023-06-12 23:49:32 INFO  main cn.soboys.springbootrestfulapi.SpringbootRestfulapiApplication No active profile set, falling back to 1 default profile: "default"
2023-06-12 23:49:33 INFO  main org.springframework.boot.web.embedded.tomcat.TomcatWebServer Tomcat initialized with port(s): 8080 (http)
2023-06-12 23:49:33 INFO  main org.apache.coyote.http11.Http11NioProtocol Initializing ProtocolHandler ["http-nio-8080"]
2023-06-12 23:49:33 INFO  main org.apache.catalina.core.StandardService Starting service [Tomcat]
2023-06-12 23:49:33 INFO  main org.apache.catalina.core.StandardEngine Starting Servlet engine: [Apache Tomcat/9.0.75]
2023-06-12 23:49:33 INFO  main org.apache.catalina.core.ContainerBase.[Tomcat].[localhost].[/] Initializing Spring embedded WebApplicationContext
2023-06-12 23:49:33 INFO  main org.springframework.boot.web.servlet.context.ServletWebServerApplicationContext Root WebApplicationContext: initialization completed in 834 ms
2023-06-12 23:49:34 INFO  main org.apache.coyote.http11.Http11NioProtocol Starting ProtocolHandler ["http-nio-8080"]
2023-06-12 23:49:34 INFO  main org.springframework.boot.web.embedded.tomcat.TomcatWebServer Tomcat started on port(s): 8080 (http) with context path ''
2023-06-12 23:49:34 INFO  main cn.soboys.springbootrestfulapi.SpringbootRestfulapiApplication Started SpringbootRestfulapiApplication in 1.716 seconds (JVM running for 3.421)
2023-06-12 23:49:54 INFO  http-nio-8080-exec-1 org.apache.catalina.core.ContainerBase.[Tomcat].[localhost].[/] Initializing Spring DispatcherServlet 'dispatcherServlet'
2023-06-12 23:49:54 INFO  http-nio-8080-exec-1 org.springframework.web.servlet.DispatcherServlet Initializing Servlet 'dispatcherServlet'
2023-06-12 23:49:54 INFO  http-nio-8080-exec-1 org.springframework.web.servlet.DispatcherServlet Completed initialization in 0 ms
